[debug] [2022-05-11T23:43:28.975Z] ----------------------------------------------------------------------
[debug] [2022-05-11T23:43:28.980Z] Command:       C:\Program Files\nodejs\node.exe C:\Users\itain\AppData\Roaming\npm\node_modules\firebase-tools\lib\bin\firebase.js init
[debug] [2022-05-11T23:43:28.982Z] CLI Version:   10.9.2
[debug] [2022-05-11T23:43:28.982Z] Platform:      win32
[debug] [2022-05-11T23:43:28.982Z] Node Version:  v16.15.0
[debug] [2022-05-11T23:43:28.985Z] Time:          Thu May 12 2022 05:13:28 GMT+0530 (India Standard Time)
[debug] [2022-05-11T23:43:28.985Z] ----------------------------------------------------------------------
[debug] 
[debug] [2022-05-11T23:43:29.010Z] > command requires scopes: ["email","openid","https://www.googleapis.com/auth/cloudplatformprojects.readonly","https://www.googleapis.com/auth/firebase","https://www.googleapis.com/auth/cloud-platform"]
[debug] [2022-05-11T23:43:29.011Z] > authorizing via signed-in user (thisismrigs@gmail.com)
[info] 
     ######## #### ########  ######## ########     ###     ######  ########
     ##        ##  ##     ## ##       ##     ##  ##   ##  ##       ##
     ######    ##  ########  ######   ########  #########  ######  ######
     ##        ##  ##    ##  ##       ##     ## ##     ##       ## ##
     ##       #### ##     ## ######## ########  ##     ##  ######  ########

You're about to initialize a Firebase project in this directory:

  C:\Users\itain\Desktop\relevent

[info] 
=== Project Setup
[info] 
[info] First, let's associate this project directory with a Firebase project.
[info] You can create multiple project aliases by running firebase use --add, 
[info] but for now we'll just set up a default project.
[info] 
[debug] [2022-05-11T23:46:38.914Z] >>> [apiv2][query] GET https://firebase.googleapis.com/v1beta1/projects pageSize=100
[debug] [2022-05-11T23:46:45.305Z] <<< [apiv2][status] GET https://firebase.googleapis.com/v1beta1/projects 200
[debug] [2022-05-11T23:46:45.305Z] <<< [apiv2][body] GET https://firebase.googleapis.com/v1beta1/projects [omitted]
[info] i  Using project authdemo-2cf22 (Authdemo) 
[info] 
=== Emulators Setup
[debug] [2022-05-11T23:47:19.503Z] Error: kill ENOSYS
    at process.kill (node:internal/process/per_thread:220:13)
    at process.listener (C:\Users\itain\AppData\Roaming\npm\node_modules\firebase-tools\node_modules\signal-exit\index.js:95:15)
    at process.emit (node:events:527:28)
[error] 
[error] Error: An unexpected error has occurred.
[debug] [2022-05-12T05:09:39.915Z] ----------------------------------------------------------------------
[debug] [2022-05-12T05:09:39.921Z] Command:       C:\Program Files\nodejs\node.exe C:\Users\itain\AppData\Roaming\npm\node_modules\firebase-tools\lib\bin\firebase.js init
[debug] [2022-05-12T05:09:39.923Z] CLI Version:   10.9.2
[debug] [2022-05-12T05:09:39.924Z] Platform:      win32
[debug] [2022-05-12T05:09:39.924Z] Node Version:  v16.15.0
[debug] [2022-05-12T05:09:39.928Z] Time:          Thu May 12 2022 10:39:39 GMT+0530 (India Standard Time)
[debug] [2022-05-12T05:09:39.929Z] ----------------------------------------------------------------------
[debug] 
[debug] [2022-05-12T05:09:39.980Z] > command requires scopes: ["email","openid","https://www.googleapis.com/auth/cloudplatformprojects.readonly","https://www.googleapis.com/auth/firebase","https://www.googleapis.com/auth/cloud-platform"]
[debug] [2022-05-12T05:09:39.981Z] > authorizing via signed-in user (thisismrigs@gmail.com)
[info] 
     ######## #### ########  ######## ########     ###     ######  ########
     ##        ##  ##     ## ##       ##     ##  ##   ##  ##       ##
     ######    ##  ########  ######   ########  #########  ######  ######
     ##        ##  ##    ##  ##       ##     ## ##     ##       ## ##
     ##       #### ##     ## ######## ########  ##     ##  ######  ########

You're about to initialize a Firebase project in this directory:

  C:\Users\itain\Desktop\Flimo

